-------------------------------------------------------------
      name:  <unnamed>
       log:  C:\Pensions\Merge\actual_merge.log
  log type:  text
 opened on:  12 Mar 2021, 09:52:22

. 
. use "C:\Pensions\Merge\ZADV71FL.DTA"

. 
. isid v001 v002 v003

. 
. egen person_id = concat(v001 v002 v003)

. sort person_id

. tempfile DV_data_actual_merge

. save DV_data_actual_merge
file DV_data_actual_merge.dta already exists
r(602);

end of do-file

r(602);

. do "C:\Users\User\AppData\Local\Temp\STD3bc0_000000.tmp"

. use "C:\Pensions\Merge\ZAHR71FL.DTA", clear

. 
. *We have to reshape the data from wide to long
. 
. * Renaming the data 
. 
. forvalues i=1(1)9 {
  2.         ren *_0`i' *_`i'
  3.         
. }

. 
. keep *_* hv001 hv002

. 
end of do-file

. do "C:\Users\User\AppData\Local\Temp\STD3bc0_000000.tmp"

. reshape long *_*, i(hv001 hv002) j(hhmember)
no xij variables found
    You typed something like reshape wide a b, i(i) j(j).
    reshape looked for existing variables named a# and b#
    but could not find any.  Remember this picture:

         long                                wide
        +---------------+                   +----------------
> --+
        | i   j   a   b |                   | i   a1 a2  b1 b
> 2 |
        |---------------| <--- reshape ---> |----------------
> --|
        | 1   1   1   2 |                   | 1   1   3   2  
> 4 |
        | 1   2   3   4 |                   | 2   5   7   6  
> 8 |
        | 2   1   5   6 |                   +----------------
> --+
        | 2   2   7   8 |
        +---------------+

        long to wide: reshape wide a b, i(i) j(j)    (j exist
> ing variable)
        wide to long: reshape long a b, i(i) j(j)    (j    ne
> w   variable)
r(111);

end of do-file

r(111);

. do "C:\Users\User\AppData\Local\Temp\STD3bc0_000000.tmp"

. reshape long *_, i(hv001 hv002) j(hhmember)
no xij variables found
    You typed something like reshape wide a b, i(i) j(j).
    reshape looked for existing variables named a# and b#
    but could not find any.  Remember this picture:

         long                                wide
        +---------------+                   +----------------
> --+
        | i   j   a   b |                   | i   a1 a2  b1 b
> 2 |
        |---------------| <--- reshape ---> |----------------
> --|
        | 1   1   1   2 |                   | 1   1   3   2  
> 4 |
        | 1   2   3   4 |                   | 2   5   7   6  
> 8 |
        | 2   1   5   6 |                   +----------------
> --+
        | 2   2   7   8 |
        +---------------+

        long to wide: reshape wide a b, i(i) j(j)    (j exist
> ing variable)
        wide to long: reshape long a b, i(i) j(j)    (j    ne
> w   variable)
r(111);

end of do-file

r(111);

. des ha68_1

              storage   display    value
variable name   type    format     label      variable label
-------------------------------------------------------------
ha68_1          byte    %8.0g      HA68_01    woman's highest
                                         educational level
                                         (for preliminary and
                                         final report)

. do "C:\Users\User\AppData\Local\Temp\STD3bc0_000000.tmp"

. use "C:\Pensions\Merge\ZAHR71FL.DTA", clear

. 
. keep hv001-sh104c_24 hv001 hv002

. 
end of do-file

. do "C:\Users\User\AppData\Local\Temp\STD3bc0_000000.tmp"

. keep hv001 hv002 *_*

. 
end of do-file

