-----------------------------------------------------------------------------------------------------------------------------------
      name:  <unnamed>
       log:  C:\Users\User\Desktop\SOFTWARES\Stata\Log files\Module 5 .log
  log type:  text
 opened on:   7 Apr 2021, 01:38:32

. use "C:\Users\User\Downloads\401ksubs (1).dta"

. do "C:\Users\User\AppData\Local\Temp\STD4300_000000.tmp"

. regress nettfa p401k inc male age marr, robust

Linear regression                               Number of obs     =      9,275
                                                F(5, 9269)        =     133.42
                                                Prob > F          =     0.0000
                                                R-squared         =     0.1817
                                                Root MSE          =     57.878

------------------------------------------------------------------------------
             |               Robust
      nettfa |      Coef.   Std. Err.      t    P>|t|     [95% Conf. Interval]
-------------+----------------------------------------------------------------
       p401k |   13.11685   1.857649     7.06   0.000     9.475448    16.75825
         inc |   .9565831   .0815886    11.72   0.000     .7966514    1.116515
        male |   .5348946   1.452216     0.37   0.713    -2.311769    3.381558
         age |   1.044085   .0657529    15.88   0.000     .9151945    1.172975
        marr |  -9.521908   1.457015    -6.54   0.000    -12.37798   -6.665838
       _cons |  -59.11724   3.442947   -17.17   0.000    -65.86617   -52.36831
------------------------------------------------------------------------------

. 
. ivregress gmm nettfa (p401k=e401k) inc male age marr, robust

Instrumental variables (GMM) regression           Number of obs   =      9,275
                                                  Wald chi2(5)    =     533.30
                                                  Prob > chi2     =     0.0000
                                                  R-squared       =     0.1807
GMM weight matrix: Robust                         Root MSE        =     57.894

------------------------------------------------------------------------------
             |               Robust
      nettfa |      Coef.   Std. Err.      z    P>|z|     [95% Conf. Interval]
-------------+----------------------------------------------------------------
       p401k |   8.475379   2.220599     3.82   0.000     4.123085    12.82767
         inc |   .9804731   .0823418    11.91   0.000     .8190862     1.14186
        male |    .467797   1.453397     0.32   0.748     -2.38081    3.316404
         age |    1.04333   .0657346    15.87   0.000     .9144923    1.172167
        marr |  -9.604681   1.456676    -6.59   0.000    -12.45971   -6.749648
       _cons |  -58.67618   3.434788   -17.08   0.000    -65.40824   -51.94412
------------------------------------------------------------------------------
Instrumented:  p401k
Instruments:   inc male age marr e401k

. 
. ivregress 2sls nettfa (p401k=e401k) inc male age marr incsq agesq, first robust

First-stage regressions
-----------------------

                                                Number of obs     =      9,275
                                                F(   7,   9267)   =    1367.74
                                                Prob > F          =     0.0000
                                                R-squared         =     0.5963
                                                Adj R-squared     =     0.5960
                                                Root MSE          =     0.2842

------------------------------------------------------------------------------
             |               Robust
       p401k |      Coef.   Std. Err.      t    P>|t|     [95% Conf. Interval]
-------------+----------------------------------------------------------------
         inc |   .0011037   .0003595     3.07   0.002     .0003991    .0018084
        male |  -.0001371   .0077571    -0.02   0.986    -.0153428    .0150686
         age |  -.0047177   .0022452    -2.10   0.036    -.0091188   -.0003166
        marr |    .000428   .0069697     0.06   0.951    -.0132341    .0140901
       incsq |   1.88e-06   2.72e-06     0.69   0.490    -3.46e-06    7.22e-06
       agesq |    .000052   .0000257     2.02   0.043     1.58e-06    .0001024
       e401k |   .6888628    .007995    86.16   0.000     .6731909    .7045347
       _cons |   .0590938   .0464963     1.27   0.204    -.0320492    .1502369
------------------------------------------------------------------------------


Instrumental variables (2SLS) regression          Number of obs   =      9,275
                                                  Wald chi2(7)    =     815.61
                                                  Prob > chi2     =     0.0000
                                                  R-squared       =     0.2097
                                                  Root MSE        =     56.858

------------------------------------------------------------------------------
             |               Robust
      nettfa |      Coef.   Std. Err.      z    P>|z|     [95% Conf. Interval]
-------------+----------------------------------------------------------------
       p401k |   13.77815   1.988907     6.93   0.000     9.879968    17.67634
         inc |  -.1979432   .2973029    -0.67   0.506    -.7806463    .3847598
        male |   1.257732   1.389195     0.91   0.365     -1.46504    3.980504
         age |   -1.94501   .5409501    -3.60   0.000    -3.005253   -.8847672
        marr |  -5.235712   1.291033    -4.06   0.000     -7.76609   -2.705335
       incsq |   .0097627   .0029304     3.33   0.001     .0040192    .0155061
       agesq |   .0346104   .0067986     5.09   0.000     .0212853    .0479354
       _cons |   23.18384   12.06884     1.92   0.055    -.4706423    46.83832
------------------------------------------------------------------------------
Instrumented:  p401k
Instruments:   inc male age marr incsq agesq e401k

. 
end of do-file

. log close
      name:  <unnamed>
       log:  C:\Users\User\Desktop\SOFTWARES\Stata\Log files\Module 5 .log
  log type:  text
 closed on:   7 Apr 2021, 01:39:27
-----------------------------------------------------------------------------------------------------------------------------------
