------------------------------------------------------------------------------------------------------------------
      name:  <unnamed>
       log:  C:\Users\User\Desktop\SOFTWARES\Stata\Log files\Module 2.log
  log type:  text
 opened on:   2 Feb 2021, 22:18:06

. use "C:\Users\User\Downloads\WAGE2 (1).DTA"

. do "C:\Users\User\AppData\Local\Temp\STD21bc_000000.tmp"

. fitted histogram
command fitted is unrecognized
r(199);

end of do-file

r(199);

. do "C:\Users\User\AppData\Local\Temp\STD21bc_000000.tmp"

. histogram wage, normal
(bin=29, start=115, width=102.17241)

. 
end of do-file

. graph export "C:\Users\User\Desktop\SOFTWARES\Stata\Log files\Module 2 histogram wage, normal.png", as(png) name
> ("Graph")
(file C:\Users\User\Desktop\SOFTWARES\Stata\Log files\Module 2 histogram wage, normal.png written in PNG format)

. do "C:\Users\User\AppData\Local\Temp\STD21bc_000000.tmp"

. twoway (scatter wage edu) (lfit wage edu)

. 
end of do-file

. graph export "C:\Users\User\Desktop\SOFTWARES\Stata\Log files\Module 2 lfit wage edu scatterplot.png", as(png) n
> ame("Graph")
(file C:\Users\User\Desktop\SOFTWARES\Stata\Log files\Module 2 lfit wage edu scatterplot.png written in PNG format
> )

. do "C:\Users\User\AppData\Local\Temp\STD21bc_000000.tmp"

. regress wage edu

      Source |       SS           df       MS      Number of obs   =       935
-------------+----------------------------------   F(1, 933)       =    111.79
       Model |  16340644.5         1  16340644.5   Prob > F        =    0.0000
    Residual |   136375524       933  146168.836   R-squared       =    0.1070
-------------+----------------------------------   Adj R-squared   =    0.1060
       Total |   152716168       934  163507.675   Root MSE        =    382.32

------------------------------------------------------------------------------
        wage |      Coef.   Std. Err.      t    P>|t|     [95% Conf. Interval]
-------------+----------------------------------------------------------------
        educ |   60.21428   5.694982    10.57   0.000     49.03783    71.39074
       _cons |   146.9524   77.71496     1.89   0.059     -5.56393    299.4688
------------------------------------------------------------------------------

. 
end of do-file

. do "C:\Users\User\AppData\Local\Temp\STD21bc_000000.tmp"

. generate lwage=log(wage)
variable lwage already defined
r(110);

end of do-file

r(110);

. browse lwage

. do "C:\Users\User\AppData\Local\Temp\STD21bc_000000.tmp"

. regress lwage edu

      Source |       SS           df       MS      Number of obs   =       
> 935
-------------+----------------------------------   F(1, 933)       =    100
> .70
       Model |  16.1377042         1  16.1377042   Prob > F        =    0.0
> 000
    Residual |  149.518579       933  .160255712   R-squared       =    0.0
> 974
-------------+----------------------------------   Adj R-squared   =    0.0
> 964
       Total |  165.656283       934  .177362188   Root MSE        =    .40
> 032

---------------------------------------------------------------------------
> ---
       lwage |      Coef.   Std. Err.      t    P>|t|     [95% Conf. Interv
> al]
-------------+-------------------------------------------------------------
> ---
        educ |   .0598392   .0059631    10.03   0.000     .0481366    .0715
> 418
       _cons |   5.973063   .0813737    73.40   0.000     5.813366    6.132
> 759
---------------------------------------------------------------------------
> ---

. 
end of do-file

. do "C:\Users\User\AppData\Local\Temp\STD21bc_000000.tmp"

. regress lwage edu

      Source |       SS           df       MS      Number of obs   =       935
-------------+----------------------------------   F(1, 933)       =    100.70
       Model |  16.1377042         1  16.1377042   Prob > F        =    0.0000
    Residual |  149.518579       933  .160255712   R-squared       =    0.0974
-------------+----------------------------------   Adj R-squared   =    0.0964
       Total |  165.656283       934  .177362188   Root MSE        =    .40032

------------------------------------------------------------------------------
       lwage |      Coef.   Std. Err.      t    P>|t|     [95% Conf. Interval]
-------------+----------------------------------------------------------------
        educ |   .0598392   .0059631    10.03   0.000     .0481366    .0715418
       _cons |   5.973063   .0813737    73.40   0.000     5.813366    6.132759
------------------------------------------------------------------------------

. 
end of do-file

. do "C:\Users\User\AppData\Local\Temp\S
> TD21bc_000000.tmp"

. regress lwage educ

      Source |       SS           df    
>    MS      Number of obs   =       935
-------------+--------------------------
> --------   F(1, 933)       =    100.70
       Model |  16.1377042         1  16
> .1377042   Prob > F        =    0.0000
    Residual |  149.518579       933  .1
> 60255712   R-squared       =    0.0974
-------------+--------------------------
> --------   Adj R-squared   =    0.0964
       Total |  165.656283       934  .1
> 77362188   Root MSE        =    .40032

----------------------------------------
> --------------------------------------
       lwage |      Coef.   Std. Err.   
>    t                                  
>         P>|t|                         
>                   [95% Con            
>                           f. Interval]
-------------+--------------------------
> --------------------------------------
        educ |   .0598392   .0059631    
> 10.03                                 
>         0.000                         
>                   .0481366            
>                               .0715418
       _cons |   5.973063   .0813737    
> 73.40                                 
>         0.000                         
>                   5.813366            
>                               6.132759
----------------------------------------
> --------------------------------------

. 
end of do-file

. do "C:\Users\User\AppData\Local\Temp\STD21bc_000000.tmp"

. regress lwage educ

      Source |       SS           df       MS      Number of obs  
>  =       935
-------------+----------------------------------   F(1, 933)      
>  =    100.70
       Model |  16.1377042         1  16.1377042   Prob > F       
>  =    0.0000
    Residual |  149.518579       933  .160255712   R-squared      
>  =    0.0974
-------------+----------------------------------   Adj R-squared  
>  =    0.0964
       Total |  165.656283       934  .177362188   Root MSE       
>  =    .40032

------------------------------------------------------------------
> ------------
       lwage |      Coef.   Std. Err.      t    P>|t|     [95% Con
> f. Interval]
-------------+----------------------------------------------------
> ------------
        educ |   .0598392   .0059631    10.03   0.000     .0481366
>     .0715418
       _cons |   5.973063   .0813737    73.40   0.000     5.813366
>     6.132759
------------------------------------------------------------------
> ------------

. 
end of do-file

. do "C:\Users\User\AppData\Local\Temp\STD21bc_000000.tmp"

. regress lwage educ

      Source |       SS           df       MS      Number of obs   =       935
-------------+----------------------------------   F(1, 933)       =    100.70
       Model |  16.1377042         1  16.1377042   Prob > F        =    0.0000
    Residual |  149.518579       933  .160255712   R-squared       =    0.0974
-------------+----------------------------------   Adj R-squared   =    0.0964
       Total |  165.656283       934  .177362188   Root MSE        =    .40032

------------------------------------------------------------------------------
       lwage |      Coef.   Std. Err.      t    P>|t|     [95% Conf. Interval]
-------------+----------------------------------------------------------------
        educ |   .0598392   .0059631    10.03   0.000     .0481366    .0715418
       _cons |   5.973063   .0813737    73.40   0.000     5.813366    6.132759
------------------------------------------------------------------------------

. 
end of do-file

. do "C:\Users\User\AppData\Local\Temp\STD21bc_000000.tmp"

. regress wage edu

      Source |       SS           df       MS      Number of obs   =       935
-------------+----------------------------------   F(1, 933)       =    111.79
       Model |  16340644.5         1  16340644.5   Prob > F        =    0.0000
    Residual |   136375524       933  146168.836   R-squared       =    0.1070
-------------+----------------------------------   Adj R-squared   =    0.1060
       Total |   152716168       934  163507.675   Root MSE        =    382.32

------------------------------------------------------------------------------
        wage |      Coef.   Std. Err.      t    P>|t|     [95% Conf. Interval]
-------------+----------------------------------------------------------------
        educ |   60.21428   5.694982    10.57   0.000     49.03783    71.39074
       _cons |   146.9524   77.71496     1.89   0.059     -5.56393    299.4688
------------------------------------------------------------------------------

. 
end of do-file

. do "C:\Users\User\AppData\Local\Temp\STD21bc_000000.tmp"

. regress wage educ exp age

      Source |       SS           df       MS      Number of obs   =       935
-------------+----------------------------------   F(3, 931)       =     51.50
       Model |  21737956.1         3  7245985.36   Prob > F        =    0.0000
    Residual |   130978212       931  140685.512   R-squared       =    0.1423
-------------+----------------------------------   Adj R-squared   =    0.1396
       Total |   152716168       934  163507.675   Root MSE        =    375.08

------------------------------------------------------------------------------
        wage |      Coef.   Std. Err.      t    P>|t|     [95% Conf. Interval]
-------------+----------------------------------------------------------------
        educ |   71.43399   6.529846    10.94   0.000     58.61907    84.24891
       exper |   12.12668    3.77418     3.21   0.001     4.719789    19.53356
         age |   12.55229   4.729612     2.65   0.008     3.270354    21.83423
       _cons |  -559.6205   152.0949    -3.68   0.000    -858.1092   -261.1319
------------------------------------------------------------------------------

. 
end of do-file

. log close
      name:  <unnamed>
       log:  C:\Users\User\Desktop\SOFTWARES\Stata\Log files\Module 2.log
  log type:  text
 closed on:   2 Feb 2021, 23:08:17
-------------------------------------------------------------------------------------------------------------------------------------------------------
